#
# There is insufficient memory for the Java Runtime Environment to continue.
# Native memory allocation (mmap) failed to map 65536 bytes for Failed to commit metaspace.
# Possible reasons:
#   The system is out of physical RAM or swap space
#   The process is running with CompressedOops enabled, and the Java Heap may be blocking the growth of the native heap
# Possible solutions:
#   Reduce memory load on the system
#   Increase physical memory or swap space
#   Check if swap backing store is full
#   Decrease Java heap size (-Xmx/-Xms)
#   Decrease number of Java threads
#   Decrease Java thread stack sizes (-Xss)
#   Set larger code cache with -XX:ReservedCodeCacheSize=
#   JVM is running with Unscaled Compressed Oops mode in which the Java heap is
#     placed in the first 4GB address space. The Java Heap base address is the
#     maximum limit for the native heap growth. Please use -XX:HeapBaseMinAddress
#     to set the Java Heap base and to place the Java Heap above 4GB virtual address.
# This output file may be truncated or incomplete.
#
#  Out of Memory Error (virtualSpaceNode.cpp:110), pid=9912, tid=12392
#
# JRE version: OpenJDK Runtime Environment Temurin-17.0.8.1+1 (17.0.8.1+1) (build 17.0.8.1+1)
# Java VM: OpenJDK 64-Bit Server VM Temurin-17.0.8.1+1 (17.0.8.1+1, mixed mode, emulated-client, tiered, compressed oops, compressed class ptrs, g1 gc, windows-amd64)
# No core dump will be written. Minidumps are not enabled by default on client versions of Windows
#

---------------  S U M M A R Y ------------

Command Line: -Dcom.sun.management.jmxremote -Dcom.sun.management.jmxremote.port=56626 -Dcom.sun.management.jmxremote.authenticate=false -Dcom.sun.management.jmxremote.ssl=false -Djava.rmi.server.hostname=localhost -Dspring.jmx.enabled=true -Dmanagement.endpoints.jmx.exposure.include=* -Dspring.application.admin.enabled=true -XX:TieredStopAtLevel=1 -Dspring.boot.project.name=loja_virtual-main -Dfile.encoding=UTF-8 -Dstdout.encoding=UTF-8 -Dstderr.encoding=UTF-8 -XX:+ShowCodeDetailsInExceptionMessages br.com.zlab.loja_virtual.LojaVirtualApplication --spring.output.ansi.enabled=always

Host: Intel(R) Core(TM) i5 CPU       M 480  @ 2.67GHz, 4 cores, 7G,  Windows 10 , 64 bit Build 19041 (10.0.19041.3636)
Time: Mon Jan 22 19:53:44 2024 Hora Padrão de Buenos Aires elapsed time: 16.436176 seconds (0d 0h 0m 16s)

---------------  T H R E A D  ---------------

Current thread (0x000001ae750220b0):  JavaThread "restartedMain" [_thread_in_vm, id=12392, stack(0x0000003941d00000,0x0000003941e00000)]

Stack: [0x0000003941d00000,0x0000003941e00000]
Native frames: (J=compiled Java code, j=interpreted, Vv=VM code, C=native code)
V  [jvm.dll+0x678b0a]
V  [jvm.dll+0x835e84]
V  [jvm.dll+0x83762e]
V  [jvm.dll+0x837c93]
V  [jvm.dll+0x24746f]
V  [jvm.dll+0x831f1b]
V  [jvm.dll+0x61d3c6]
V  [jvm.dll+0x1c1aae]
V  [jvm.dll+0x61fd21]
V  [jvm.dll+0x61dd66]
V  [jvm.dll+0x244dbc]
V  [jvm.dll+0x6cf82d]
V  [jvm.dll+0x6d025f]
V  [jvm.dll+0x3729d3]
V  [jvm.dll+0x371a74]
V  [jvm.dll+0x371a18]
V  [jvm.dll+0x5613a5]
V  [jvm.dll+0x5602c4]
V  [jvm.dll+0x385914]
V  [jvm.dll+0x384f7f]
C  0x000001ae658d8a40

Java frames: (J=compiled Java code, j=interpreted, Vv=VM code)
j  org.springframework.data.util.NullableWrapperConverters$NullableWrapperToGuavaOptionalConverter.<init>()V+1
j  org.springframework.data.util.NullableWrapperConverters$NullableWrapperToGuavaOptionalConverter.<clinit>()V+4
v  ~StubRoutines::call_stub
j  org.springframework.data.util.NullableWrapperConverters.<clinit>()V+124
v  ~StubRoutines::call_stub
j  org.springframework.data.repository.util.QueryExecutionConverters.registerConvertersIn(Lorg/springframework/core/convert/support/ConfigurableConversionService;)V+17
j  org.springframework.data.repository.core.support.RepositoryFactorySupport.<clinit>()V+21
v  ~StubRoutines::call_stub
j  org.springframework.data.jpa.repository.support.JpaRepositoryFactoryBean.createRepositoryFactory(Ljakarta/persistence/EntityManager;)Lorg/springframework/data/repository/core/support/RepositoryFactorySupport;+0
j  org.springframework.data.jpa.repository.support.JpaRepositoryFactoryBean.doCreateRepositoryFactory()Lorg/springframework/data/repository/core/support/RepositoryFactorySupport;+22
j  org.springframework.data.repository.core.support.TransactionalRepositoryFactoryBeanSupport.createRepositoryFactory()Lorg/springframework/data/repository/core/support/RepositoryFactorySupport;+1
j  org.springframework.data.repository.core.support.RepositoryFactoryBeanSupport.afterPropertiesSet()V+2
j  org.springframework.data.jpa.repository.support.JpaRepositoryFactoryBean.afterPropertiesSet()V+18
j  org.springframework.beans.factory.support.AbstractAutowireCapableBeanFactory.invokeInitMethods(Ljava/lang/String;Ljava/lang/Object;Lorg/springframework/beans/factory/support/RootBeanDefinition;)V+56
j  org.springframework.beans.factory.support.AbstractAutowireCapableBeanFactory.initializeBean(Ljava/lang/String;Ljava/lang/Object;Lorg/springframework/beans/factory/support/RootBeanDefinition;)Ljava/lang/Object;+34
j  org.springframework.beans.factory.support.AbstractAutowireCapableBeanFactory.doCreateBean(Ljava/lang/String;Lorg/springframework/beans/factory/support/RootBeanDefinition;[Ljava/lang/Object;)Ljava/lang/Object;+228
j  org.springframework.beans.factory.support.AbstractAutowireCapableBeanFactory.createBean(Ljava/lang/String;Lorg/springframework/beans/factory/support/RootBeanDefinition;[Ljava/lang/Object;)Ljava/lang/Object;+153
j  org.springframework.beans.factory.support.AbstractBeanFactory.lambda$doGetBean$0(Ljava/lang/String;Lorg/springframework/beans/factory/support/RootBeanDefinition;[Ljava/lang/Object;)Ljava/lang/Object;+4
j  org.springframework.beans.factory.support.AbstractBeanFactory$$Lambda$368+0x0000000100302c10.getObject()Ljava/lang/Object;+16
j  org.springframework.beans.factory.support.DefaultSingletonBeanRegistry.getSingleton(Ljava/lang/String;Lorg/springframework/beans/factory/ObjectFactory;)Ljava/lang/Object;+114
J 3079 c1 org.springframework.beans.factory.support.AbstractBeanFactory.doGetBean(Ljava/lang/String;Ljava/lang/Class;[Ljava/lang/Object;Z)Ljava/lang/Object; (740 bytes) @ 0x000001ae65fa042c [0x000001ae65f9fe80+0x00000000000005ac]
j  org.springframework.beans.factory.support.AbstractBeanFactory.getBean(Ljava/lang/String;)Ljava/lang/Object;+5
j  org.springframework.beans.factory.config.DependencyDescriptor.resolveCandidate(Ljava/lang/String;Ljava/lang/Class;Lorg/springframework/beans/factory/BeanFactory;)Ljava/lang/Object;+2
j  org.springframework.beans.factory.support.DefaultListableBeanFactory.doResolveDependency(Lorg/springframework/beans/factory/config/DependencyDescriptor;Ljava/lang/String;Ljava/util/Set;Lorg/springframework/beans/TypeConverter;)Ljava/lang/Object;+473
j  org.springframework.beans.factory.support.DefaultListableBeanFactory.resolveDependency(Lorg/springframework/beans/factory/config/DependencyDescriptor;Ljava/lang/String;Ljava/util/Set;Lorg/springframework/beans/TypeConverter;)Ljava/lang/Object;+117
j  org.springframework.beans.factory.support.ConstructorResolver.resolveAutowiredArgument(Lorg/springframework/beans/factory/config/DependencyDescriptor;Ljava/lang/Class;Ljava/lang/String;Ljava/util/Set;Lorg/springframework/beans/TypeConverter;Z)Ljava/lang/Object;+53
j  org.springframework.beans.factory.support.ConstructorResolver.createArgumentArray(Ljava/lang/String;Lorg/springframework/beans/factory/support/RootBeanDefinition;Lorg/springframework/beans/factory/config/ConstructorArgumentValues;Lorg/springframework/beans/BeanWrapper;[Ljava/lang/Class;[Ljava/lang/String;Ljava/lang/reflect/Executable;ZZ)Lorg/springframework/beans/factory/support/ConstructorResolver$ArgumentsHolder;+420
j  org.springframework.beans.factory.support.ConstructorResolver.autowireConstructor(Ljava/lang/String;Lorg/springframework/beans/factory/support/RootBeanDefinition;[Ljava/lang/reflect/Constructor;[Ljava/lang/Object;)Lorg/springframework/beans/BeanWrapper;+530
j  org.springframework.beans.factory.support.AbstractAutowireCapableBeanFactory.autowireConstructor(Ljava/lang/String;Lorg/springframework/beans/factory/support/RootBeanDefinition;[Ljava/lang/reflect/Constructor;[Ljava/lang/Object;)Lorg/springframework/beans/BeanWrapper;+13
j  org.springframework.beans.factory.support.AbstractAutowireCapableBeanFactory.createBeanInstance(Ljava/lang/String;Lorg/springframework/beans/factory/support/RootBeanDefinition;[Ljava/lang/Object;)Lorg/springframework/beans/BeanWrapper;+209
j  org.springframework.beans.factory.support.AbstractAutowireCapableBeanFactory.doCreateBean(Ljava/lang/String;Lorg/springframework/beans/factory/support/RootBeanDefinition;[Ljava/lang/Object;)Ljava/lang/Object;+34
j  org.springframework.beans.factory.support.AbstractAutowireCapableBeanFactory.createBean(Ljava/lang/String;Lorg/springframework/beans/factory/support/RootBeanDefinition;[Ljava/lang/Object;)Ljava/lang/Object;+153
j  org.springframework.beans.factory.support.AbstractBeanFactory.lambda$doGetBean$0(Ljava/lang/String;Lorg/springframework/beans/factory/support/RootBeanDefinition;[Ljava/lang/Object;)Ljava/lang/Object;+4
j  org.springframework.beans.factory.support.AbstractBeanFactory$$Lambda$368+0x0000000100302c10.getObject()Ljava/lang/Object;+16
j  org.springframework.beans.factory.support.DefaultSingletonBeanRegistry.getSingleton(Ljava/lang/String;Lorg/springframework/beans/factory/ObjectFactory;)Ljava/lang/Object;+114
J 3079 c1 org.springframework.beans.factory.support.AbstractBeanFactory.doGetBean(Ljava/lang/String;Ljava/lang/Class;[Ljava/lang/Object;Z)Ljava/lang/Object; (740 bytes) @ 0x000001ae65fa042c [0x000001ae65f9fe80+0x00000000000005ac]
j  org.springframework.beans.factory.support.AbstractBeanFactory.getBean(Ljava/lang/String;)Ljava/lang/Object;+5
j  org.springframework.beans.factory.support.ConstructorResolver.instantiateUsingFactoryMethod(Ljava/lang/String;Lorg/springframework/beans/factory/support/RootBeanDefinition;[Ljava/lang/Object;)Lorg/springframework/beans/BeanWrapper;+60
j  org.springframework.beans.factory.support.AbstractAutowireCapableBeanFactory.instantiateUsingFactoryMethod(Ljava/lang/String;Lorg/springframework/beans/factory/support/RootBeanDefinition;[Ljava/lang/Object;)Lorg/springframework/beans/BeanWrapper;+11
j  org.springframework.beans.factory.support.AbstractAutowireCapableBeanFactory.createBeanInstance(Ljava/lang/String;Lorg/springframework/beans/factory/support/RootBeanDefinition;[Ljava/lang/Object;)Lorg/springframework/beans/BeanWrapper;+89
j  org.springframework.beans.factory.support.AbstractAutowireCapableBeanFactory.doCreateBean(Ljava/lang/String;Lorg/springframework/beans/factory/support/RootBeanDefinition;[Ljava/lang/Object;)Ljava/lang/Object;+34
j  org.springframework.beans.factory.support.AbstractAutowireCapableBeanFactory.createBean(Ljava/lang/String;Lorg/springframework/beans/factory/support/RootBeanDefinition;[Ljava/lang/Object;)Ljava/lang/Object;+153
j  org.springframework.beans.factory.support.AbstractBeanFactory.lambda$doGetBean$0(Ljava/lang/String;Lorg/springframework/beans/factory/support/RootBeanDefinition;[Ljava/lang/Object;)Ljava/lang/Object;+4
j  org.springframework.beans.factory.support.AbstractBeanFactory$$Lambda$368+0x0000000100302c10.getObject()Ljava/lang/Object;+16
j  org.springframework.beans.factory.support.DefaultSingletonBeanRegistry.getSingleton(Ljava/lang/String;Lorg/springframework/beans/factory/ObjectFactory;)Ljava/lang/Object;+114
J 3079 c1 org.springframework.beans.factory.support.AbstractBeanFactory.doGetBean(Ljava/lang/String;Ljava/lang/Class;[Ljava/lang/Object;Z)Ljava/lang/Object; (740 bytes) @ 0x000001ae65fa042c [0x000001ae65f9fe80+0x00000000000005ac]
j  org.springframework.beans.factory.support.AbstractBeanFactory.getBean(Ljava/lang/String;)Ljava/lang/Object;+5
j  org.springframework.beans.factory.config.DependencyDescriptor.resolveCandidate(Ljava/lang/String;Ljava/lang/Class;Lorg/springframework/beans/factory/BeanFactory;)Ljava/lang/Object;+2
j  org.springframework.beans.factory.support.DefaultListableBeanFactory.doResolveDependency(Lorg/springframework/beans/factory/config/DependencyDescriptor;Ljava/lang/String;Ljava/util/Set;Lorg/springframework/beans/TypeConverter;)Ljava/lang/Object;+473
j  org.springframework.beans.factory.support.DefaultListableBeanFactory.resolveDependency(Lorg/springframework/beans/factory/config/DependencyDescriptor;Ljava/lang/String;Ljava/util/Set;Lorg/springframework/beans/TypeConverter;)Ljava/lang/Object;+117
j  org.springframework.beans.factory.support.ConstructorResolver.resolveAutowiredArgument(Lorg/springframework/beans/factory/config/DependencyDescriptor;Ljava/lang/Class;Ljava/lang/String;Ljava/util/Set;Lorg/springframework/beans/TypeConverter;Z)Ljava/lang/Object;+53
j  org.springframework.beans.factory.support.ConstructorResolver.createArgumentArray(Ljava/lang/String;Lorg/springframework/beans/factory/support/RootBeanDefinition;Lorg/springframework/beans/factory/config/ConstructorArgumentValues;Lorg/springframework/beans/BeanWrapper;[Ljava/lang/Class;[Ljava/lang/String;Ljava/lang/reflect/Executable;ZZ)Lorg/springframework/beans/factory/support/ConstructorResolver$ArgumentsHolder;+420
j  org.springframework.beans.factory.support.ConstructorResolver.autowireConstructor(Ljava/lang/String;Lorg/springframework/beans/factory/support/RootBeanDefinition;[Ljava/lang/reflect/Constructor;[Ljava/lang/Object;)Lorg/springframework/beans/BeanWrapper;+530
j  org.springframework.beans.factory.support.AbstractAutowireCapableBeanFactory.autowireConstructor(Ljava/lang/String;Lorg/springframework/beans/factory/support/RootBeanDefinition;[Ljava/lang/reflect/Constructor;[Ljava/lang/Object;)Lorg/springframework/beans/BeanWrapper;+13
j  org.springframework.beans.factory.support.AbstractAutowireCapableBeanFactory.createBeanInstance(Ljava/lang/String;Lorg/springframework/beans/factory/support/RootBeanDefinition;[Ljava/lang/Object;)Lorg/springframework/beans/BeanWrapper;+209
j  org.springframework.beans.factory.support.AbstractAutowireCapableBeanFactory.doCreateBean(Ljava/lang/String;Lorg/springframework/beans/factory/support/RootBeanDefinition;[Ljava/lang/Object;)Ljava/lang/Object;+34
j  org.springframework.beans.factory.support.AbstractAutowireCapableBeanFactory.createBean(Ljava/lang/String;Lorg/springframework/beans/factory/support/RootBeanDefinition;[Ljava/lang/Object;)Ljava/lang/Object;+153
j  org.springframework.beans.factory.support.AbstractBeanFactory.lambda$doGetBean$0(Ljava/lang/String;Lorg/springframework/beans/factory/support/RootBeanDefinition;[Ljava/lang/Object;)Ljava/lang/Object;+4
j  org.springframework.beans.factory.support.AbstractBeanFactory$$Lambda$368+0x0000000100302c10.getObject()Ljava/lang/Object;+16
j  org.springframework.beans.factory.support.DefaultSingletonBeanRegistry.getSingleton(Ljava/lang/String;Lorg/springframework/beans/factory/ObjectFactory;)Ljava/lang/Object;+114
J 3079 c1 org.springframework.beans.factory.support.AbstractBeanFactory.doGetBean(Ljava/lang/String;Ljava/lang/Class;[Ljava/lang/Object;Z)Ljava/lang/Object; (740 bytes) @ 0x000001ae65fa042c [0x000001ae65f9fe80+0x00000000000005ac]
J 3083 c1 org.springframework.beans.factory.support.AbstractBeanFactory.getBean(Ljava/lang/String;Ljava/lang/Class;)Ljava/lang/Object; (9 bytes) @ 0x000001ae65f9dfe4 [0x000001ae65f9dfa0+0x0000000000000044]
j  org.springframework.boot.web.servlet.ServletContextInitializerBeans.getOrderedBeansOfType(Lorg/springframework/beans/factory/ListableBeanFactory;Ljava/lang/Class;Ljava/util/Set;)Ljava/util/List;+69
j  org.springframework.boot.web.servlet.ServletContextInitializerBeans.addAsRegistrationBean(Lorg/springframework/beans/factory/ListableBeanFactory;Ljava/lang/Class;Ljava/lang/Class;Lorg/springframework/boot/web/servlet/ServletContextInitializerBeans$RegistrationBeanAdapter;)V+7
j  org.springframework.boot.web.servlet.ServletContextInitializerBeans.addAsRegistrationBean(Lorg/springframework/beans/factory/ListableBeanFactory;Ljava/lang/Class;Lorg/springframework/boot/web/servlet/ServletContextInitializerBeans$RegistrationBeanAdapter;)V+5
j  org.springframework.boot.web.servlet.ServletContextInitializerBeans.addAdaptableBeans(Lorg/springframework/beans/factory/ListableBeanFactory;)V+32
j  org.springframework.boot.web.servlet.ServletContextInitializerBeans.<init>(Lorg/springframework/beans/factory/ListableBeanFactory;[Ljava/lang/Class;)V+54
j  org.springframework.boot.web.servlet.context.ServletWebServerApplicationContext.getServletContextInitializerBeans()Ljava/util/Collection;+12
j  org.springframework.boot.web.servlet.context.ServletWebServerApplicationContext.selfInitialize(Ljakarta/servlet/ServletContext;)V+19
j  org.springframework.boot.web.servlet.context.ServletWebServerApplicationContext$$Lambda$838+0x0000000100580ce8.onStartup(Ljakarta/servlet/ServletContext;)V+5
j  org.springframework.boot.web.embedded.tomcat.TomcatStarter.onStartup(Ljava/util/Set;Ljakarta/servlet/ServletContext;)V+28
j  org.apache.catalina.core.StandardContext.startInternal()V+1048
j  org.apache.catalina.util.LifecycleBase.start()V+210
j  org.apache.catalina.core.ContainerBase$StartChild.call()Ljava/lang/Void;+4
j  org.apache.catalina.core.ContainerBase$StartChild.call()Ljava/lang/Object;+1
j  java.util.concurrent.FutureTask.run()V+39 java.base@17.0.8.1
j  org.apache.tomcat.util.threads.InlineExecutorService.execute(Ljava/lang/Runnable;)V+38
j  java.util.concurrent.AbstractExecutorService.submit(Ljava/util/concurrent/Callable;)Ljava/util/concurrent/Future;+20 java.base@17.0.8.1
j  org.apache.catalina.core.ContainerBase.startInternal()V+116
j  org.apache.catalina.core.StandardHost.startInternal()V+177
j  org.apache.catalina.util.LifecycleBase.start()V+210
j  org.apache.catalina.core.ContainerBase$StartChild.call()Ljava/lang/Void;+4
j  org.apache.catalina.core.ContainerBase$StartChild.call()Ljava/lang/Object;+1
j  java.util.concurrent.FutureTask.run()V+39 java.base@17.0.8.1
j  org.apache.tomcat.util.threads.InlineExecutorService.execute(Ljava/lang/Runnable;)V+38
j  java.util.concurrent.AbstractExecutorService.submit(Ljava/util/concurrent/Callable;)Ljava/util/concurrent/Future;+20 java.base@17.0.8.1
j  org.apache.catalina.core.ContainerBase.startInternal()V+116
j  org.apache.catalina.core.StandardEngine.startInternal()V+38
j  org.apache.catalina.util.LifecycleBase.start()V+210
j  org.apache.catalina.core.StandardService.startInternal()V+63
j  org.apache.catalina.util.LifecycleBase.start()V+210
j  org.apache.catalina.core.StandardServer.startInternal()V+94
j  org.apache.catalina.util.LifecycleBase.start()V+210
j  org.apache.catalina.startup.Tomcat.start()V+9
j  org.springframework.boot.web.embedded.tomcat.TomcatWebServer.initialize()V+55
j  org.springframework.boot.web.embedded.tomcat.TomcatWebServer.<init>(Lorg/apache/catalina/startup/Tomcat;ZLorg/springframework/boot/web/server/Shutdown;)V+66
j  org.springframework.boot.web.embedded.tomcat.TomcatServletWebServerFactory.getTomcatWebServer(Lorg/apache/catalina/startup/Tomcat;)Lorg/springframework/boot/web/embedded/tomcat/TomcatWebServer;+21
j  org.springframework.boot.web.embedded.tomcat.TomcatServletWebServerFactory.getWebServer([Lorg/springframework/boot/web/servlet/ServletContextInitializer;)Lorg/springframework/boot/web/server/WebServer;+212
j  org.springframework.boot.web.servlet.context.ServletWebServerApplicationContext.createWebServer()V+67
j  org.springframework.boot.web.servlet.context.ServletWebServerApplicationContext.onRefresh()V+5
j  org.springframework.context.support.AbstractApplicationContext.refresh()V+85
j  org.springframework.boot.web.servlet.context.ServletWebServerApplicationContext.refresh()V+1
j  org.springframework.boot.SpringApplication.refresh(Lorg/springframework/context/ConfigurableApplicationContext;)V+1
j  org.springframework.boot.SpringApplication.refreshContext(Lorg/springframework/context/ConfigurableApplicationContext;)V+16
j  org.springframework.boot.SpringApplication.run([Ljava/lang/String;)Lorg/springframework/context/ConfigurableApplicationContext;+110
j  org.springframework.boot.SpringApplication.run([Ljava/lang/Class;[Ljava/lang/String;)Lorg/springframework/context/ConfigurableApplicationContext;+9
j  org.springframework.boot.SpringApplication.run(Ljava/lang/Class;[Ljava/lang/String;)Lorg/springframework/context/ConfigurableApplicationContext;+9
j  br.com.zlab.loja_virtual.LojaVirtualApplication.main([Ljava/lang/String;)V+3
v  ~StubRoutines::call_stub
j  jdk.internal.reflect.NativeMethodAccessorImpl.invoke0(Ljava/lang/reflect/Method;Ljava/lang/Object;[Ljava/lang/Object;)Ljava/lang/Object;+0 java.base@17.0.8.1
j  jdk.internal.reflect.NativeMethodAccessorImpl.invoke(Ljava/lang/Object;[Ljava/lang/Object;)Ljava/lang/Object;+133 java.base@17.0.8.1
j  jdk.internal.reflect.DelegatingMethodAccessorImpl.invoke(Ljava/lang/Object;[Ljava/lang/Object;)Ljava/lang/Object;+6 java.base@17.0.8.1
j  java.lang.reflect.Method.invoke(Ljava/lang/Object;[Ljava/lang/Object;)Ljava/lang/Object;+59 java.base@17.0.8.1
j  org.springframework.boot.devtools.restart.RestartLauncher.run()V+47
v  ~StubRoutines::call_stub

---------------  P R O C E S S  ---------------

Threads class SMR info:
_java_thread_list=0x000001ae7699d8b0, length=25, elements={
0x000001ae609ce850, 0x000001ae6fe1d9a0, 0x000001ae6fe20940, 0x000001ae6fe2ea80,
0x000001ae6fe30760, 0x000001ae6fe31030, 0x000001ae6fe33380, 0x000001ae6fe33860,
0x000001ae740522c0, 0x000001ae6fdb67e0, 0x000001ae7422b890, 0x000001ae74268030,
0x000001ae742a1590, 0x000001ae74b5d680, 0x000001ae74f54770, 0x000001ae74fc05b0,
0x000001ae74fccab0, 0x000001ae74fd72c0, 0x000001ae74fda7c0, 0x000001ae750225c0,
0x000001ae75020760, 0x000001ae750220b0, 0x000001ae750234f0, 0x000001ae75020250,
0x000001ae75021ba0
}

Java Threads: ( => current thread )
  0x000001ae609ce850 JavaThread "main" [_thread_blocked, id=7092, stack(0x000000393fb00000,0x000000393fc00000)]
  0x000001ae6fe1d9a0 JavaThread "Reference Handler" daemon [_thread_blocked, id=10500, stack(0x0000003940200000,0x0000003940300000)]
  0x000001ae6fe20940 JavaThread "Finalizer" daemon [_thread_blocked, id=6924, stack(0x0000003940300000,0x0000003940400000)]
  0x000001ae6fe2ea80 JavaThread "Signal Dispatcher" daemon [_thread_blocked, id=14320, stack(0x0000003940400000,0x0000003940500000)]
  0x000001ae6fe30760 JavaThread "Attach Listener" daemon [_thread_blocked, id=8728, stack(0x0000003940500000,0x0000003940600000)]
  0x000001ae6fe31030 JavaThread "Service Thread" daemon [_thread_blocked, id=11396, stack(0x0000003940600000,0x0000003940700000)]
  0x000001ae6fe33380 JavaThread "Monitor Deflation Thread" daemon [_thread_blocked, id=2908, stack(0x0000003940700000,0x0000003940800000)]
  0x000001ae6fe33860 JavaThread "C1 CompilerThread0" daemon [_thread_blocked, id=5780, stack(0x0000003940800000,0x0000003940900000)]
  0x000001ae740522c0 JavaThread "Sweeper thread" daemon [_thread_blocked, id=9072, stack(0x0000003940900000,0x0000003940a00000)]
  0x000001ae6fdb67e0 JavaThread "Common-Cleaner" daemon [_thread_blocked, id=4516, stack(0x0000003940a00000,0x0000003940b00000)]
  0x000001ae7422b890 JavaThread "C1 CompilerThread1" daemon [_thread_blocked, id=7960, stack(0x0000003940b00000,0x0000003940c00000)]
  0x000001ae74268030 JavaThread "C1 CompilerThread2" daemon [_thread_blocked, id=4164, stack(0x0000003940c00000,0x0000003940d00000)]
  0x000001ae742a1590 JavaThread "Notification Thread" daemon [_thread_blocked, id=2104, stack(0x0000003940d00000,0x0000003940e00000)]
  0x000001ae74b5d680 JavaThread "RMI TCP Accept-0" daemon [_thread_in_native, id=10144, stack(0x0000003940f00000,0x0000003941000000)]
  0x000001ae74f54770 JavaThread "RMI TCP Accept-56626" daemon [_thread_in_native, id=1932, stack(0x0000003941000000,0x0000003941100000)]
  0x000001ae74fc05b0 JavaThread "RMI TCP Connection(1)-127.0.0.1" daemon [_thread_in_native, id=11224, stack(0x0000003941600000,0x0000003941700000)]
  0x000001ae74fccab0 JavaThread "RMI TCP Accept-0" daemon [_thread_in_native, id=10560, stack(0x0000003941700000,0x0000003941800000)]
  0x000001ae74fd72c0 JavaThread "RMI Scheduler(0)" daemon [_thread_blocked, id=5192, stack(0x0000003941900000,0x0000003941a00000)]
  0x000001ae74fda7c0 JavaThread "RMI TCP Connection(2)-127.0.0.1" daemon [_thread_in_native, id=12348, stack(0x0000003941a00000,0x0000003941b00000)]
  0x000001ae750225c0 JavaThread "JMX server connection timeout 21" daemon [_thread_blocked, id=13336, stack(0x0000003941b00000,0x0000003941c00000)]
  0x000001ae75020760 JavaThread "Thread-0" [_thread_blocked, id=13276, stack(0x0000003941c00000,0x0000003941d00000)]
=>0x000001ae750220b0 JavaThread "restartedMain" [_thread_in_vm, id=12392, stack(0x0000003941d00000,0x0000003941e00000)]
  0x000001ae750234f0 JavaThread "PostgreSQL-JDBC-Cleaner" daemon [_thread_blocked, id=10064, stack(0x0000003941f00000,0x0000003942000000)]
  0x000001ae75020250 JavaThread "PoolHikari housekeeper" daemon [_thread_blocked, id=9964, stack(0x0000003942000000,0x0000003942100000)]
  0x000001ae75021ba0 JavaThread "PoolHikari connection adder" daemon [_thread_in_native, id=2168, stack(0x0000003942100000,0x0000003942200000)]

Other Threads:
  0x000001ae6fe19a20 VMThread "VM Thread" [stack: 0x0000003940100000,0x0000003940200000] [id=1660] _threads_hazard_ptr=0x000001ae7699d8b0
  0x000001ae74bb0f10 WatcherThread [stack: 0x0000003941800000,0x0000003941900000] [id=3564]
  0x000001ae60aa4ce0 GCTaskThread "GC Thread#0" [stack: 0x000000393fc00000,0x000000393fd00000] [id=10856]
  0x000001ae74ba7030 GCTaskThread "GC Thread#1" [stack: 0x0000003941100000,0x0000003941200000] [id=9772]
  0x000001ae74ba72f0 GCTaskThread "GC Thread#2" [stack: 0x0000003941200000,0x0000003941300000] [id=6724]
  0x000001ae74bb1c10 GCTaskThread "GC Thread#3" [stack: 0x0000003941300000,0x0000003941400000] [id=11756]
  0x000001ae60ab5ca0 ConcurrentGCThread "G1 Main Marker" [stack: 0x000000393fd00000,0x000000393fe00000] [id=7800]
  0x000001ae60ab65c0 ConcurrentGCThread "G1 Conc#0" [stack: 0x000000393fe00000,0x000000393ff00000] [id=804]
  0x000001ae60aee990 ConcurrentGCThread "G1 Refine#0" [stack: 0x000000393ff00000,0x0000003940000000] [id=8396]
  0x000001ae74bb1ed0 ConcurrentGCThread "G1 Refine#1" [stack: 0x0000003941400000,0x0000003941500000] [id=12912]
  0x000001ae74ba7dc0 ConcurrentGCThread "G1 Refine#2" [stack: 0x0000003941500000,0x0000003941600000] [id=9224]
  0x000001ae6fc848d0 ConcurrentGCThread "G1 Service" [stack: 0x0000003940000000,0x0000003940100000] [id=12448]

Threads with active compile tasks:

VM state: synchronizing (normal execution)

VM Mutex/Monitor currently owned by a thread:  ([mutex/lock_event])
[0x000001ae60a3eec0] Metaspace_lock - owner thread: 0x000001ae750220b0
[0x000001ae609ca980] Threads_lock - owner thread: 0x000001ae6fe19a20

Heap address: 0x0000000083200000, size: 1998 MB, Compressed Oops mode: 32-bit

CDS archive(s) not mapped
Compressed class space mapped at: 0x0000000100000000-0x0000000140000000, reserved size: 1073741824
Narrow klass base: 0x0000000000000000, Narrow klass shift: 3, Narrow klass range: 0x140000000

GC Precious Log:
 CPUs: 4 total, 4 available
 Memory: 7990M
 Large Page Support: Disabled
 NUMA Support: Disabled
 Compressed Oops: Enabled (32-bit)
 Heap Region Size: 1M
 Heap Min Capacity: 8M
 Heap Initial Capacity: 126M
 Heap Max Capacity: 1998M
 Pre-touch: Disabled
 Parallel Workers: 4
 Concurrent Workers: 1
 Concurrent Refinement Workers: 4
 Periodic GC: Disabled

Heap:
 garbage-first heap   total 78848K, used 56797K [0x0000000083200000, 0x0000000100000000)
  region size 1024K, 28 young (28672K), 4 survivors (4096K)
 Metaspace       used 71055K, committed 71616K, reserved 1114112K
  class space    used 9857K, committed 10112K, reserved 1048576K

Heap Regions: E=young(eden), S=young(survivor), O=old, HS=humongous(starts), HC=humongous(continues), CS=collection set, F=free, OA=open archive, CA=closed archive, TAMS=top-at-mark-start (previous, next)
|   0|0x0000000083200000, 0x0000000083300000, 0x0000000083300000|100%|HS|  |TAMS 0x0000000083300000, 0x0000000083200000| Complete 
|   1|0x0000000083300000, 0x0000000083400000, 0x0000000083400000|100%| O|  |TAMS 0x0000000083400000, 0x0000000083300000| Untracked 
|   2|0x0000000083400000, 0x0000000083500000, 0x0000000083500000|100%| O|  |TAMS 0x0000000083500000, 0x0000000083400000| Untracked 
|   3|0x0000000083500000, 0x0000000083600000, 0x0000000083600000|100%| O|  |TAMS 0x0000000083600000, 0x0000000083500000| Untracked 
|   4|0x0000000083600000, 0x0000000083700000, 0x0000000083700000|100%| O|  |TAMS 0x0000000083700000, 0x0000000083600000| Untracked 
|   5|0x0000000083700000, 0x0000000083800000, 0x0000000083800000|100%| O|  |TAMS 0x0000000083800000, 0x0000000083700000| Untracked 
|   6|0x0000000083800000, 0x0000000083900000, 0x0000000083900000|100%| O|  |TAMS 0x0000000083900000, 0x0000000083800000| Untracked 
|   7|0x0000000083900000, 0x0000000083a00000, 0x0000000083a00000|100%| O|  |TAMS 0x0000000083a00000, 0x0000000083900000| Untracked 
|   8|0x0000000083a00000, 0x0000000083b00000, 0x0000000083b00000|100%| O|  |TAMS 0x0000000083b00000, 0x0000000083a00000| Untracked 
|   9|0x0000000083b00000, 0x0000000083c00000, 0x0000000083c00000|100%| O|  |TAMS 0x0000000083c00000, 0x0000000083b00000| Untracked 
|  10|0x0000000083c00000, 0x0000000083d00000, 0x0000000083d00000|100%| O|  |TAMS 0x0000000083d00000, 0x0000000083c00000| Untracked 
|  11|0x0000000083d00000, 0x0000000083e00000, 0x0000000083e00000|100%| O|  |TAMS 0x0000000083e00000, 0x0000000083d00000| Untracked 
|  12|0x0000000083e00000, 0x0000000083f00000, 0x0000000083f00000|100%| O|  |TAMS 0x0000000083f00000, 0x0000000083e00000| Untracked 
|  13|0x0000000083f00000, 0x0000000084000000, 0x0000000084000000|100%| O|  |TAMS 0x0000000084000000, 0x0000000083f00000| Untracked 
|  14|0x0000000084000000, 0x0000000084100000, 0x0000000084100000|100%| O|  |TAMS 0x0000000084100000, 0x0000000084000000| Untracked 
|  15|0x0000000084100000, 0x0000000084200000, 0x0000000084200000|100%| O|  |TAMS 0x0000000084200000, 0x0000000084100000| Untracked 
|  16|0x0000000084200000, 0x0000000084300000, 0x0000000084300000|100%| O|  |TAMS 0x0000000084300000, 0x0000000084200000| Untracked 
|  17|0x0000000084300000, 0x0000000084400000, 0x0000000084400000|100%| O|  |TAMS 0x0000000084400000, 0x0000000084300000| Untracked 
|  18|0x0000000084400000, 0x0000000084500000, 0x0000000084500000|100%| O|  |TAMS 0x0000000084500000, 0x0000000084400000| Untracked 
|  19|0x0000000084500000, 0x0000000084600000, 0x0000000084600000|100%| O|  |TAMS 0x0000000084600000, 0x0000000084500000| Untracked 
|  20|0x0000000084600000, 0x0000000084700000, 0x0000000084700000|100%| O|  |TAMS 0x0000000084700000, 0x0000000084600000| Untracked 
|  21|0x0000000084700000, 0x0000000084800000, 0x0000000084800000|100%| O|  |TAMS 0x0000000084800000, 0x0000000084700000| Untracked 
|  22|0x0000000084800000, 0x0000000084900000, 0x0000000084900000|100%| O|  |TAMS 0x0000000084900000, 0x0000000084800000| Untracked 
|  23|0x0000000084900000, 0x0000000084a00000, 0x0000000084a00000|100%| O|  |TAMS 0x0000000084a00000, 0x0000000084900000| Untracked 
|  24|0x0000000084a00000, 0x0000000084b00000, 0x0000000084b00000|100%| O|  |TAMS 0x0000000084b00000, 0x0000000084a00000| Untracked 
|  25|0x0000000084b00000, 0x0000000084c00000, 0x0000000084c00000|100%| O|  |TAMS 0x0000000084c00000, 0x0000000084b00000| Untracked 
|  26|0x0000000084c00000, 0x0000000084d00000, 0x0000000084d00000|100%| O|  |TAMS 0x0000000084cb6c00, 0x0000000084c00000| Untracked 
|  27|0x0000000084d00000, 0x0000000084e00000, 0x0000000084e00000|100%| O|  |TAMS 0x0000000084d00000, 0x0000000084d00000| Untracked 
|  28|0x0000000084e00000, 0x0000000084effa00, 0x0000000084f00000| 99%| O|  |TAMS 0x0000000084e00000, 0x0000000084e00000| Untracked 
|  29|0x0000000084f00000, 0x0000000084f00000, 0x0000000085000000|  0%| F|  |TAMS 0x0000000084f00000, 0x0000000084f00000| Untracked 
|  30|0x0000000085000000, 0x0000000085000000, 0x0000000085100000|  0%| F|  |TAMS 0x0000000085000000, 0x0000000085000000| Untracked 
|  31|0x0000000085100000, 0x0000000085100000, 0x0000000085200000|  0%| F|  |TAMS 0x0000000085100000, 0x0000000085100000| Untracked 
|  32|0x0000000085200000, 0x0000000085200000, 0x0000000085300000|  0%| F|  |TAMS 0x0000000085200000, 0x0000000085200000| Untracked 
|  33|0x0000000085300000, 0x0000000085300000, 0x0000000085400000|  0%| F|  |TAMS 0x0000000085300000, 0x0000000085300000| Untracked 
|  34|0x0000000085400000, 0x0000000085400000, 0x0000000085500000|  0%| F|  |TAMS 0x0000000085400000, 0x0000000085400000| Untracked 
|  35|0x0000000085500000, 0x0000000085500000, 0x0000000085600000|  0%| F|  |TAMS 0x0000000085500000, 0x0000000085500000| Untracked 
|  36|0x0000000085600000, 0x0000000085600000, 0x0000000085700000|  0%| F|  |TAMS 0x0000000085600000, 0x0000000085600000| Untracked 
|  37|0x0000000085700000, 0x0000000085700000, 0x0000000085800000|  0%| F|  |TAMS 0x0000000085700000, 0x0000000085700000| Untracked 
|  38|0x0000000085800000, 0x0000000085800000, 0x0000000085900000|  0%| F|  |TAMS 0x0000000085800000, 0x0000000085800000| Untracked 
|  39|0x0000000085900000, 0x0000000085900000, 0x0000000085a00000|  0%| F|  |TAMS 0x0000000085900000, 0x0000000085900000| Untracked 
|  40|0x0000000085a00000, 0x0000000085a00000, 0x0000000085b00000|  0%| F|  |TAMS 0x0000000085a00000, 0x0000000085a00000| Untracked 
|  41|0x0000000085b00000, 0x0000000085b00000, 0x0000000085c00000|  0%| F|  |TAMS 0x0000000085b00000, 0x0000000085b00000| Untracked 
|  42|0x0000000085c00000, 0x0000000085c77ca0, 0x0000000085d00000| 46%| S|CS|TAMS 0x0000000085c00000, 0x0000000085c00000| Complete 
|  43|0x0000000085d00000, 0x0000000085e00000, 0x0000000085e00000|100%| S|CS|TAMS 0x0000000085d00000, 0x0000000085d00000| Complete 
|  44|0x0000000085e00000, 0x0000000085f00000, 0x0000000085f00000|100%| S|CS|TAMS 0x0000000085e00000, 0x0000000085e00000| Complete 
|  45|0x0000000085f00000, 0x0000000086000000, 0x0000000086000000|100%| S|CS|TAMS 0x0000000085f00000, 0x0000000085f00000| Complete 
|  46|0x0000000086000000, 0x0000000086000000, 0x0000000086100000|  0%| F|  |TAMS 0x0000000086000000, 0x0000000086000000| Untracked 
|  47|0x0000000086100000, 0x0000000086100000, 0x0000000086200000|  0%| F|  |TAMS 0x0000000086100000, 0x0000000086100000| Untracked 
|  48|0x0000000086200000, 0x0000000086200000, 0x0000000086300000|  0%| F|  |TAMS 0x0000000086200000, 0x0000000086200000| Untracked 
|  49|0x0000000086300000, 0x0000000086300000, 0x0000000086400000|  0%| F|  |TAMS 0x0000000086300000, 0x0000000086300000| Untracked 
|  50|0x0000000086400000, 0x0000000086400000, 0x0000000086500000|  0%| F|  |TAMS 0x0000000086400000, 0x0000000086400000| Untracked 
|  51|0x0000000086500000, 0x0000000086500000, 0x0000000086600000|  0%| F|  |TAMS 0x0000000086500000, 0x0000000086500000| Untracked 
|  52|0x0000000086600000, 0x0000000086600000, 0x0000000086700000|  0%| F|  |TAMS 0x0000000086600000, 0x0000000086600000| Untracked 
|  53|0x0000000086700000, 0x0000000086797b00, 0x0000000086800000| 59%| E|  |TAMS 0x0000000086700000, 0x0000000086700000| Complete 
|  54|0x0000000086800000, 0x0000000086900000, 0x0000000086900000|100%| E|CS|TAMS 0x0000000086800000, 0x0000000086800000| Complete 
|  55|0x0000000086900000, 0x0000000086a00000, 0x0000000086a00000|100%| E|CS|TAMS 0x0000000086900000, 0x0000000086900000| Complete 
|  56|0x0000000086a00000, 0x0000000086b00000, 0x0000000086b00000|100%| E|CS|TAMS 0x0000000086a00000, 0x0000000086a00000| Complete 
|  57|0x0000000086b00000, 0x0000000086c00000, 0x0000000086c00000|100%| E|CS|TAMS 0x0000000086b00000, 0x0000000086b00000| Complete 
|  58|0x0000000086c00000, 0x0000000086d00000, 0x0000000086d00000|100%| E|CS|TAMS 0x0000000086c00000, 0x0000000086c00000| Complete 
|  59|0x0000000086d00000, 0x0000000086e00000, 0x0000000086e00000|100%| E|CS|TAMS 0x0000000086d00000, 0x0000000086d00000| Complete 
|  60|0x0000000086e00000, 0x0000000086f00000, 0x0000000086f00000|100%| E|CS|TAMS 0x0000000086e00000, 0x0000000086e00000| Complete 
|  61|0x0000000086f00000, 0x0000000087000000, 0x0000000087000000|100%| E|CS|TAMS 0x0000000086f00000, 0x0000000086f00000| Complete 
|  62|0x0000000087000000, 0x0000000087100000, 0x0000000087100000|100%| E|CS|TAMS 0x0000000087000000, 0x0000000087000000| Complete 
|  63|0x0000000087100000, 0x0000000087200000, 0x0000000087200000|100%| E|CS|TAMS 0x0000000087100000, 0x0000000087100000| Complete 
|  64|0x0000000087200000, 0x0000000087300000, 0x0000000087300000|100%| E|CS|TAMS 0x0000000087200000, 0x0000000087200000| Complete 
|  65|0x0000000087300000, 0x0000000087400000, 0x0000000087400000|100%| E|CS|TAMS 0x0000000087300000, 0x0000000087300000| Complete 
|  66|0x0000000087400000, 0x0000000087500000, 0x0000000087500000|100%| E|CS|TAMS 0x0000000087400000, 0x0000000087400000| Complete 
|  67|0x0000000087500000, 0x0000000087600000, 0x0000000087600000|100%| E|CS|TAMS 0x0000000087500000, 0x0000000087500000| Complete 
|  68|0x0000000087600000, 0x0000000087700000, 0x0000000087700000|100%| E|CS|TAMS 0x0000000087600000, 0x0000000087600000| Complete 
|  69|0x0000000087700000, 0x0000000087800000, 0x0000000087800000|100%| E|CS|TAMS 0x0000000087700000, 0x0000000087700000| Complete 
|  70|0x0000000087800000, 0x0000000087900000, 0x0000000087900000|100%| E|CS|TAMS 0x0000000087800000, 0x0000000087800000| Complete 
|  71|0x0000000087900000, 0x0000000087a00000, 0x0000000087a00000|100%| E|CS|TAMS 0x0000000087900000, 0x0000000087900000| Complete 
|  72|0x0000000087a00000, 0x0000000087b00000, 0x0000000087b00000|100%| E|CS|TAMS 0x0000000087a00000, 0x0000000087a00000| Complete 
|  73|0x0000000087b00000, 0x0000000087c00000, 0x0000000087c00000|100%| E|CS|TAMS 0x0000000087b00000, 0x0000000087b00000| Complete 
|  74|0x0000000087c00000, 0x0000000087d00000, 0x0000000087d00000|100%| E|CS|TAMS 0x0000000087c00000, 0x0000000087c00000| Complete 
| 111|0x000000008a100000, 0x000000008a200000, 0x000000008a200000|100%| E|CS|TAMS 0x000000008a100000, 0x000000008a100000| Complete 
| 125|0x000000008af00000, 0x000000008b000000, 0x000000008b000000|100%| E|CS|TAMS 0x000000008af00000, 0x000000008af00000| Complete 

Card table byte_map: [0x000001ae69150000,0x000001ae69540000] _byte_map_base: 0x000001ae68d37000

Marking Bits (Prev, Next): (CMBitMap*) 0x000001ae60aa5210, (CMBitMap*) 0x000001ae60aa5250
 Prev Bits: [0x000001ae69930000, 0x000001ae6b868000)
 Next Bits: [0x000001ae6b870000, 0x000001ae6d7a8000)

Polling page: 0x000001ae60af0000

Metaspace:

Usage:
  Non-class:     59.76 MB used.
      Class:      9.63 MB used.
       Both:     69.39 MB used.

Virtual space:
  Non-class space:       64.00 MB reserved,      60.06 MB ( 94%) committed,  1 nodes.
      Class space:        1.00 GB reserved,       9.88 MB ( <1%) committed,  1 nodes.
             Both:        1.06 GB reserved,      69.94 MB (  6%) committed. 

Chunk freelists:
   Non-Class:  3.73 MB
       Class:  6.03 MB
        Both:  9.77 MB

MaxMetaspaceSize: unlimited
CompressedClassSpaceSize: 1.00 GB
Initial GC threshold: 21.00 MB
Current GC threshold: 109.00 MB
CDS: off
MetaspaceReclaimPolicy: balanced
 - commit_granule_bytes: 65536.
 - commit_granule_words: 8192.
 - virtual_space_node_default_size: 8388608.
 - enlarge_chunks_in_place: 1.
 - new_chunks_are_fully_committed: 0.
 - uncommit_free_chunks: 1.
 - use_allocation_guard: 0.
 - handle_deallocations: 1.


Internal statistics:

num_allocs_failed_limit: 12.
num_arena_births: 794.
num_arena_deaths: 0.
num_vsnodes_births: 2.
num_vsnodes_deaths: 0.
num_space_committed: 1119.
num_space_uncommitted: 0.
num_chunks_returned_to_freelist: 12.
num_chunks_taken_from_freelist: 3120.
num_chunk_merges: 12.
num_chunk_splits: 2213.
num_chunks_enlarged: 1679.
num_inconsistent_stats: 0.

CodeCache: size=49152Kb used=13521Kb max_used=13521Kb free=35630Kb
 bounds [0x000001ae658c0000, 0x000001ae66600000, 0x000001ae688c0000]
 total_blobs=8007 nmethods=7352 adapters=580
 compilation: enabled
              stopped_count=0, restarted_count=0
 full_count=0

Compilation events (20 events):
Event: 16.132 Thread 0x000001ae7422b890 7343   !   1       java.util.concurrent.ConcurrentHashMap::transfer (849 bytes)
Event: 16.141 Thread 0x000001ae7422b890 nmethod 7343 0x000001ae665ec890 code [0x000001ae665ecb40, 0x000001ae665ee398]
Event: 16.151 Thread 0x000001ae6fe33860 7344       1       org.springframework.beans.factory.config.BeanExpressionContext::<init> (21 bytes)
Event: 16.152 Thread 0x000001ae6fe33860 nmethod 7344 0x000001ae665ef090 code [0x000001ae665ef240, 0x000001ae665ef468]
Event: 16.276 Thread 0x000001ae7422b890 7345   !   1       java.io.ObjectInputStream$BlockDataInputStream::readUTFSpan (502 bytes)
Event: 16.277 Thread 0x000001ae74268030 7346       1       java.io.ObjectOutputStream::writeNonProxyDesc (109 bytes)
Event: 16.277 Thread 0x000001ae6fe33860 7347       1       java.io.ObjectStreamClass::writeNonProxy (161 bytes)
Event: 16.281 Thread 0x000001ae6fe33860 nmethod 7347 0x000001ae665ef590 code [0x000001ae665ef820, 0x000001ae665efe48]
Event: 16.281 Thread 0x000001ae7422b890 nmethod 7345 0x000001ae665f0490 code [0x000001ae665f06e0, 0x000001ae665f0f48]
Event: 16.281 Thread 0x000001ae6fe33860 7348       1       java.io.ObjectOutputStream::isCustomSubclass (21 bytes)
Event: 16.282 Thread 0x000001ae74268030 nmethod 7346 0x000001ae665f1890 code [0x000001ae665f1b60, 0x000001ae665f2488]
Event: 16.283 Thread 0x000001ae6fe33860 nmethod 7348 0x000001ae665f2b90 code [0x000001ae665f2d40, 0x000001ae665f2f78]
Event: 16.328 Thread 0x000001ae6fe33860 7349       1       sun.reflect.generics.parser.SignatureParser::parseIdentifier (13 bytes)
Event: 16.329 Thread 0x000001ae6fe33860 nmethod 7349 0x000001ae665f3190 code [0x000001ae665f3340, 0x000001ae665f3458]
Event: 16.332 Thread 0x000001ae6fe33860 7350       1       sun.reflect.generics.reflectiveObjects.WildcardTypeImpl::hashCode (20 bytes)
Event: 16.336 Thread 0x000001ae6fe33860 nmethod 7350 0x000001ae665f3510 code [0x000001ae665f3700, 0x000001ae665f3b78]
Event: 16.358 Thread 0x000001ae7422b890 7351       1       org.apache.camel.impl.engine.DefaultCamelBeanPostProcessor::injectFields (17 bytes)
Event: 16.358 Thread 0x000001ae6fe33860 7352       1       org.apache.camel.impl.engine.DefaultCamelBeanPostProcessor$$Lambda$672/0x000000010053e340::<init> (26 bytes)
Event: 16.359 Thread 0x000001ae6fe33860 nmethod 7352 0x000001ae665f3d10 code [0x000001ae665f3ea0, 0x000001ae665f40d8]
Event: 16.359 Thread 0x000001ae7422b890 nmethod 7351 0x000001ae665f4190 code [0x000001ae665f4340, 0x000001ae665f4638]

GC Heap History (20 events):
Event: 3.898 GC heap before
{Heap before GC invocations=8 (full 0):
 garbage-first heap   total 90112K, used 64024K [0x0000000083200000, 0x0000000100000000)
  region size 1024K, 51 young (52224K), 2 survivors (2048K)
 Metaspace       used 32881K, committed 33280K, reserved 1114112K
  class space    used 4121K, committed 4288K, reserved 1048576K
}
Event: 3.908 GC heap after
{Heap after GC invocations=9 (full 0):
 garbage-first heap   total 90112K, used 17650K [0x0000000083200000, 0x0000000100000000)
  region size 1024K, 6 young (6144K), 6 survivors (6144K)
 Metaspace       used 32881K, committed 33280K, reserved 1114112K
  class space    used 4121K, committed 4288K, reserved 1048576K
}
Event: 4.824 GC heap before
{Heap before GC invocations=9 (full 0):
 garbage-first heap   total 90112K, used 48370K [0x0000000083200000, 0x0000000100000000)
  region size 1024K, 37 young (37888K), 6 survivors (6144K)
 Metaspace       used 35990K, committed 36288K, reserved 1114112K
  class space    used 4591K, committed 4736K, reserved 1048576K
}
Event: 4.837 GC heap after
{Heap after GC invocations=10 (full 0):
 garbage-first heap   total 90112K, used 19802K [0x0000000083200000, 0x0000000100000000)
  region size 1024K, 3 young (3072K), 3 survivors (3072K)
 Metaspace       used 35990K, committed 36288K, reserved 1114112K
  class space    used 4591K, committed 4736K, reserved 1048576K
}
Event: 6.032 GC heap before
{Heap before GC invocations=11 (full 0):
 garbage-first heap   total 78848K, used 63834K [0x0000000083200000, 0x0000000100000000)
  region size 1024K, 46 young (47104K), 3 survivors (3072K)
 Metaspace       used 40829K, committed 41280K, reserved 1114112K
  class space    used 5374K, committed 5568K, reserved 1048576K
}
Event: 6.044 GC heap after
{Heap after GC invocations=12 (full 0):
 garbage-first heap   total 78848K, used 23148K [0x0000000083200000, 0x0000000100000000)
  region size 1024K, 6 young (6144K), 6 survivors (6144K)
 Metaspace       used 40829K, committed 41280K, reserved 1114112K
  class space    used 5374K, committed 5568K, reserved 1048576K
}
Event: 6.067 GC heap before
{Heap before GC invocations=12 (full 0):
 garbage-first heap   total 78848K, used 24172K [0x0000000083200000, 0x0000000100000000)
  region size 1024K, 7 young (7168K), 6 survivors (6144K)
 Metaspace       used 40842K, committed 41344K, reserved 1114112K
  class space    used 5378K, committed 5632K, reserved 1048576K
}
Event: 6.076 GC heap after
{Heap after GC invocations=13 (full 0):
 garbage-first heap   total 78848K, used 23801K [0x0000000083200000, 0x0000000100000000)
  region size 1024K, 1 young (1024K), 1 survivors (1024K)
 Metaspace       used 40842K, committed 41344K, reserved 1114112K
  class space    used 5378K, committed 5632K, reserved 1048576K
}
Event: 7.050 GC heap before
{Heap before GC invocations=13 (full 0):
 garbage-first heap   total 78848K, used 58617K [0x0000000083200000, 0x0000000100000000)
  region size 1024K, 35 young (35840K), 1 survivors (1024K)
 Metaspace       used 46321K, committed 46848K, reserved 1114112K
  class space    used 5974K, committed 6208K, reserved 1048576K
}
Event: 7.057 GC heap after
{Heap after GC invocations=14 (full 0):
 garbage-first heap   total 78848K, used 25177K [0x0000000083200000, 0x0000000100000000)
  region size 1024K, 3 young (3072K), 3 survivors (3072K)
 Metaspace       used 46321K, committed 46848K, reserved 1114112K
  class space    used 5974K, committed 6208K, reserved 1048576K
}
Event: 8.421 GC heap before
{Heap before GC invocations=14 (full 0):
 garbage-first heap   total 78848K, used 59993K [0x0000000083200000, 0x0000000100000000)
  region size 1024K, 37 young (37888K), 3 survivors (3072K)
 Metaspace       used 53279K, committed 53760K, reserved 1114112K
  class space    used 7028K, committed 7232K, reserved 1048576K
}
Event: 8.429 GC heap after
{Heap after GC invocations=15 (full 0):
 garbage-first heap   total 78848K, used 27281K [0x0000000083200000, 0x0000000100000000)
  region size 1024K, 5 young (5120K), 5 survivors (5120K)
 Metaspace       used 53279K, committed 53760K, reserved 1114112K
  class space    used 7028K, committed 7232K, reserved 1048576K
}
Event: 9.798 GC heap before
{Heap before GC invocations=15 (full 0):
 garbage-first heap   total 78848K, used 61073K [0x0000000083200000, 0x0000000100000000)
  region size 1024K, 38 young (38912K), 5 survivors (5120K)
 Metaspace       used 58666K, committed 59200K, reserved 1114112K
  class space    used 7808K, committed 8064K, reserved 1048576K
}
Event: 9.811 GC heap after
{Heap after GC invocations=16 (full 0):
 garbage-first heap   total 78848K, used 29746K [0x0000000083200000, 0x0000000100000000)
  region size 1024K, 5 young (5120K), 5 survivors (5120K)
 Metaspace       used 58666K, committed 59200K, reserved 1114112K
  class space    used 7808K, committed 8064K, reserved 1048576K
}
Event: 10.345 GC heap before
{Heap before GC invocations=16 (full 0):
 garbage-first heap   total 78848K, used 42034K [0x0000000083200000, 0x0000000100000000)
  region size 1024K, 18 young (18432K), 5 survivors (5120K)
 Metaspace       used 60457K, committed 60928K, reserved 1114112K
  class space    used 8025K, committed 8256K, reserved 1048576K
}
Event: 10.355 GC heap after
{Heap after GC invocations=17 (full 0):
 garbage-first heap   total 78848K, used 30629K [0x0000000083200000, 0x0000000100000000)
  region size 1024K, 4 young (4096K), 4 survivors (4096K)
 Metaspace       used 60457K, committed 60928K, reserved 1114112K
  class space    used 8025K, committed 8256K, reserved 1048576K
}
Event: 12.625 GC heap before
{Heap before GC invocations=18 (full 0):
 garbage-first heap   total 78848K, used 61349K [0x0000000083200000, 0x0000000100000000)
  region size 1024K, 35 young (35840K), 4 survivors (4096K)
 Metaspace       used 66408K, committed 66880K, reserved 1114112K
  class space    used 9119K, committed 9344K, reserved 1048576K
}
Event: 12.637 GC heap after
{Heap after GC invocations=19 (full 0):
 garbage-first heap   total 78848K, used 32052K [0x0000000083200000, 0x0000000100000000)
  region size 1024K, 3 young (3072K), 3 survivors (3072K)
 Metaspace       used 66408K, committed 66880K, reserved 1114112K
  class space    used 9119K, committed 9344K, reserved 1048576K
}
Event: 14.015 GC heap before
{Heap before GC invocations=20 (full 0):
 garbage-first heap   total 78848K, used 63796K [0x0000000083200000, 0x0000000100000000)
  region size 1024K, 34 young (34816K), 3 survivors (3072K)
 Metaspace       used 68870K, committed 69440K, reserved 1114112K
  class space    used 9527K, committed 9792K, reserved 1048576K
}
Event: 14.026 GC heap after
{Heap after GC invocations=21 (full 0):
 garbage-first heap   total 78848K, used 33245K [0x0000000083200000, 0x0000000100000000)
  region size 1024K, 4 young (4096K), 4 survivors (4096K)
 Metaspace       used 68870K, committed 69440K, reserved 1114112K
  class space    used 9527K, committed 9792K, reserved 1048576K
}

Dll operation events (9 events):
Event: 0.012 Loaded shared library C:\sts-4.20.0.RELEASE\plugins\org.eclipse.justj.openjdk.hotspot.jre.full.win32.x86_64_17.0.8.v20230831-1047\jre\bin\java.dll
Event: 0.407 Loaded shared library C:\sts-4.20.0.RELEASE\plugins\org.eclipse.justj.openjdk.hotspot.jre.full.win32.x86_64_17.0.8.v20230831-1047\jre\bin\jimage.dll
Event: 0.433 Loaded shared library C:\sts-4.20.0.RELEASE\plugins\org.eclipse.justj.openjdk.hotspot.jre.full.win32.x86_64_17.0.8.v20230831-1047\jre\bin\net.dll
Event: 0.436 Loaded shared library C:\sts-4.20.0.RELEASE\plugins\org.eclipse.justj.openjdk.hotspot.jre.full.win32.x86_64_17.0.8.v20230831-1047\jre\bin\nio.dll
Event: 0.446 Loaded shared library C:\sts-4.20.0.RELEASE\plugins\org.eclipse.justj.openjdk.hotspot.jre.full.win32.x86_64_17.0.8.v20230831-1047\jre\bin\zip.dll
Event: 0.606 Loaded shared library C:\sts-4.20.0.RELEASE\plugins\org.eclipse.justj.openjdk.hotspot.jre.full.win32.x86_64_17.0.8.v20230831-1047\jre\bin\management.dll
Event: 0.627 Loaded shared library C:\sts-4.20.0.RELEASE\plugins\org.eclipse.justj.openjdk.hotspot.jre.full.win32.x86_64_17.0.8.v20230831-1047\jre\bin\management_ext.dll
Event: 3.181 Loaded shared library C:\sts-4.20.0.RELEASE\plugins\org.eclipse.justj.openjdk.hotspot.jre.full.win32.x86_64_17.0.8.v20230831-1047\jre\bin\sunmscapi.dll
Event: 5.703 Loaded shared library C:\sts-4.20.0.RELEASE\plugins\org.eclipse.justj.openjdk.hotspot.jre.full.win32.x86_64_17.0.8.v20230831-1047\jre\bin\verify.dll

Deoptimization events (10 events):
Event: 2.080 Thread 0x000001ae750220b0 DEOPT PACKING pc=0x000001ae65dea0d5 sp=0x0000003941dfddf0
Event: 2.080 Thread 0x000001ae750220b0 DEOPT UNPACKING pc=0x000001ae65917124 sp=0x0000003941dfd298 mode 3
Event: 2.406 Thread 0x000001ae750220b0 DEOPT PACKING pc=0x000001ae65e30a99 sp=0x0000003941dfcd10
Event: 2.406 Thread 0x000001ae750220b0 DEOPT UNPACKING pc=0x000001ae65917124 sp=0x0000003941dfc1f0 mode 3
Event: 5.314 Thread 0x000001ae750220b0 DEOPT PACKING pc=0x000001ae6611af99 sp=0x0000003941dfd770
Event: 5.314 Thread 0x000001ae750220b0 DEOPT UNPACKING pc=0x000001ae65917124 sp=0x0000003941dfcc50 mode 3
Event: 6.132 Thread 0x000001ae750220b0 DEOPT PACKING pc=0x000001ae661a04fd sp=0x0000003941dfca40
Event: 6.132 Thread 0x000001ae750220b0 DEOPT UNPACKING pc=0x000001ae65917124 sp=0x0000003941dfbfa8 mode 3
Event: 16.130 Thread 0x000001ae750220b0 DEOPT PACKING pc=0x000001ae65e56cc2 sp=0x0000003941df9d40
Event: 16.130 Thread 0x000001ae750220b0 DEOPT UNPACKING pc=0x000001ae65917124 sp=0x0000003941df9248 mode 3

Classes unloaded (0 events):
No events

Classes redefined (0 events):
No events

Internal exceptions (20 events):
Event: 13.377 Thread 0x000001ae750220b0 Exception <a 'java/lang/NoSuchMethodError'{0x000000008691b7e8}: 'void java.lang.invoke.DirectMethodHandle$Holder.invokeStaticInit(java.lang.Object, int, java.lang.Object, java.lang.Object, java.lang.Object, java.lang.Object)'> (0x000000008691b7e8) 
thrown [s\src\hotspot\share\interpreter\linkResolver.cpp, line 759]
Event: 13.499 Thread 0x000001ae750220b0 Exception <a 'java/lang/NoSuchMethodError'{0x00000000868f1c38}: 'int java.lang.invoke.DirectMethodHandle$Holder.invokeStatic(java.lang.Object, java.lang.Object, java.lang.Object, java.lang.Object, java.lang.Object)'> (0x00000000868f1c38) 
thrown [s\src\hotspot\share\interpreter\linkResolver.cpp, line 759]
Event: 13.601 Thread 0x000001ae750220b0 Exception <a 'java/lang/NoSuchMethodError'{0x000000008667e028}: 'void java.lang.invoke.DirectMethodHandle$Holder.invokeInterface(java.lang.Object, java.lang.Object, int, java.lang.Object)'> (0x000000008667e028) 
thrown [s\src\hotspot\share\interpreter\linkResolver.cpp, line 759]
Event: 13.611 Thread 0x000001ae750220b0 Exception <a 'java/lang/NoSuchMethodError'{0x00000000866b6b08}: 'java.lang.Object java.lang.invoke.DirectMethodHandle$Holder.newInvokeSpecial(java.lang.Object, java.lang.Object, int, java.lang.Object)'> (0x00000000866b6b08) 
thrown [s\src\hotspot\share\interpreter\linkResolver.cpp, line 759]
Event: 13.611 Thread 0x000001ae750220b0 Exception <a 'java/lang/NoSuchMethodError'{0x00000000866baec8}: 'java.lang.Object java.lang.invoke.Invokers$Holder.linkToTargetMethod(java.lang.Object, int, java.lang.Object, java.lang.Object)'> (0x00000000866baec8) 
thrown [s\src\hotspot\share\interpreter\linkResolver.cpp, line 759]
Event: 13.652 Thread 0x000001ae750220b0 Exception <a 'java/lang/IncompatibleClassChangeError'{0x000000008657aab8}: Found class java.lang.Object, but interface was expected> (0x000000008657aab8) 
thrown [s\src\hotspot\share\interpreter\linkResolver.cpp, line 826]
Event: 13.746 Thread 0x000001ae750220b0 Exception <a 'java/lang/NoSuchMethodError'{0x0000000086305230}: 'java.lang.Object java.lang.invoke.DirectMethodHandle$Holder.newInvokeSpecial(java.lang.Object, java.lang.Object, java.lang.Object, java.lang.Object, java.lang.Object, int, java.lang.Object)'> (0x0000000086305230) 
thrown [s\src\hotspot\share\interpreter\linkResolver.cpp, line 759]
Event: 13.761 Thread 0x000001ae750220b0 Exception <a 'java/lang/NoSuchMethodError'{0x0000000086340b08}: 'java.lang.Object java.lang.invoke.DirectMethodHandle$Holder.newInvokeSpecial(java.lang.Object, java.lang.Object, java.lang.Object, java.lang.Object, java.lang.Object, java.lang.Object, java.lang.Object, java.lang.Object, java.lang.Object, java.lang.Object, java.lang.Object, java.lang.Object)'> (0x0000000086340b08) 
thrown [s\src\hotspot\share\interpreter\linkResolver.cpp, line 759]
Event: 13.761 Thread 0x000001ae750220b0 Exception <a 'java/lang/NoSuchMethodError'{0x0000000086345d98}: 'java.lang.Object java.lang.invoke.DirectMethodHandle$Holder.invokeSpecial(java.lang.Object, java.lang.Object, java.lang.Object, java.lang.Object, java.lang.Object, java.lang.Object, java.lang.Object, java.lang.Object, java.lang.Object, java.lang.Object, java.lang.Object, java.lang.Object, java.lang.Object)'> (0x0000000086345d98) 
thrown [s\src\hotspot\share\interpreter\linkResolver.cpp, line 759]
Event: 13.762 Thread 0x000001ae750220b0 Exception <a 'java/lang/NoSuchMethodError'{0x000000008634aca8}: 'java.lang.Object java.lang.invoke.Invokers$Holder.linkToTargetMethod(java.lang.Object, java.lang.Object, java.lang.Object, java.lang.Object, java.lang.Object, java.lang.Object, java.lang.Object, java.lang.Object, java.lang.Object, java.lang.Object, java.lang.Object, java.lang.Object)'> (0x000000008634aca8) 
thrown [s\src\hotspot\share\interpreter\linkResolver.cpp, line 759]
Event: 13.995 Thread 0x000001ae750220b0 Exception <a 'java/lang/NoSuchMethodError'{0x000000008603e600}: 'java.lang.Object java.lang.invoke.DirectMethodHandle$Holder.newInvokeSpecial(java.lang.Object, java.lang.Object, int, java.lang.Object, int, java.lang.Object, java.lang.Object)'> (0x000000008603e600) 
thrown [s\src\hotspot\share\interpreter\linkResolver.cpp, line 759]
Event: 14.068 Thread 0x000001ae750220b0 Exception <a 'java/lang/NoSuchMethodError'{0x000000008af78448}: 'java.lang.Object java.lang.invoke.DirectMethodHandle$Holder.newInvokeSpecial(java.lang.Object, java.lang.Object, java.lang.Object, java.lang.Object, java.lang.Object, java.lang.Object, java.lang.Object, int)'> (0x000000008af78448) 
thrown [s\src\hotspot\share\interpreter\linkResolver.cpp, line 759]
Event: 14.069 Thread 0x000001ae750220b0 Exception <a 'java/lang/NoSuchMethodError'{0x000000008af7dc38}: 'java.lang.Object java.lang.invoke.DirectMethodHandle$Holder.invokeSpecial(java.lang.Object, java.lang.Object, java.lang.Object, java.lang.Object, java.lang.Object, java.lang.Object, java.lang.Object, java.lang.Object, int)'> (0x000000008af7dc38) 
thrown [s\src\hotspot\share\interpreter\linkResolver.cpp, line 759]
Event: 14.070 Thread 0x000001ae750220b0 Exception <a 'java/lang/NoSuchMethodError'{0x000000008afb99f0}: 'java.lang.Object java.lang.invoke.Invokers$Holder.linkToTargetMethod(java.lang.Object, java.lang.Object, java.lang.Object, java.lang.Object, java.lang.Object, java.lang.Object, int, java.lang.Object)'> (0x000000008afb99f0) 
thrown [s\src\hotspot\share\interpreter\linkResolver.cpp, line 759]
Event: 14.416 Thread 0x000001ae750220b0 Exception <a 'java/lang/NoSuchMethodError'{0x000000008788da98}: 'void java.lang.invoke.DirectMethodHandle$Holder.invokeInterface(java.lang.Object, java.lang.Object)'> (0x000000008788da98) 
thrown [s\src\hotspot\share\interpreter\linkResolver.cpp, line 759]
Event: 15.058 Thread 0x000001ae750220b0 Exception <a 'java/lang/NoSuchMethodError'{0x000000008722e3c0}: 'java.lang.Object java.lang.invoke.DirectMethodHandle$Holder.invokeSpecial(java.lang.Object, java.lang.Object, int, java.lang.Object, int)'> (0x000000008722e3c0) 
thrown [s\src\hotspot\share\interpreter\linkResolver.cpp, line 759]
Event: 16.120 Thread 0x000001ae750220b0 Exception <a 'java/lang/IncompatibleClassChangeError'{0x0000000086ba0828}: Found class java.lang.Object, but interface was expected> (0x0000000086ba0828) 
thrown [s\src\hotspot\share\interpreter\linkResolver.cpp, line 826]
Event: 16.181 Thread 0x000001ae750220b0 Exception <a 'java/lang/IncompatibleClassChangeError'{0x0000000086a4ea28}: Found class java.lang.Object, but interface was expected> (0x0000000086a4ea28) 
thrown [s\src\hotspot\share\interpreter\linkResolver.cpp, line 826]
Event: 16.347 Thread 0x000001ae75021ba0 Exception <a 'sun/net/ConnectionResetException'{0x000000008680a570}: Connection reset> (0x000000008680a570) 
thrown [s\src\hotspot\share\prims\jni.cpp, line 535]
Event: 16.389 Thread 0x000001ae750220b0 Exception <a 'java/lang/IncompatibleClassChangeError'{0x0000000086879268}: Found class java.lang.Object, but interface was expected> (0x0000000086879268) 
thrown [s\src\hotspot\share\interpreter\linkResolver.cpp, line 826]

VM Operations (20 events):
Event: 12.430 Executing VM operation: ICBufferFull
Event: 12.430 Executing VM operation: ICBufferFull done
Event: 12.625 Executing VM operation: G1CollectForAllocation
Event: 12.637 Executing VM operation: G1CollectForAllocation done
Event: 12.777 Executing VM operation: G1PauseRemark
Event: 12.784 Executing VM operation: G1PauseRemark done
Event: 12.842 Executing VM operation: G1PauseCleanup
Event: 12.842 Executing VM operation: G1PauseCleanup done
Event: 13.678 Executing VM operation: HandshakeAllThreads
Event: 13.678 Executing VM operation: HandshakeAllThreads done
Event: 14.015 Executing VM operation: G1CollectForAllocation
Event: 14.026 Executing VM operation: G1CollectForAllocation done
Event: 14.273 Executing VM operation: HandshakeAllThreads
Event: 14.273 Executing VM operation: HandshakeAllThreads done
Event: 14.434 Executing VM operation: HandshakeAllThreads
Event: 14.434 Executing VM operation: HandshakeAllThreads done
Event: 14.725 Executing VM operation: HandshakeAllThreads
Event: 14.725 Executing VM operation: HandshakeAllThreads done
Event: 15.725 Executing VM operation: Cleanup
Event: 15.726 Executing VM operation: Cleanup done

Events (20 events):
Event: 9.828 loading class java/util/concurrent/CompletableFuture$AsynchronousCompletionTask done
Event: 9.828 loading class java/util/concurrent/ForkJoinTask
Event: 9.829 loading class java/util/concurrent/ForkJoinTask done
Event: 9.829 loading class java/util/concurrent/CompletableFuture$Completion done
Event: 10.218 loading class sun/reflect/annotation/TypeAnnotation$TypeAnnotationTargetInfo
Event: 10.218 loading class sun/reflect/annotation/TypeAnnotation$TypeAnnotationTargetInfo done
Event: 10.273 loading class java/util/concurrent/CancellationException
Event: 10.273 loading class java/util/concurrent/CancellationException done
Event: 15.887 loading class javax/naming/Reference
Event: 15.888 loading class javax/naming/Reference done
Event: 15.948 loading class sun/reflect/generics/reflectiveObjects/GenericArrayTypeImpl
Event: 15.949 loading class sun/reflect/generics/reflectiveObjects/GenericArrayTypeImpl done
Event: 16.116 loading class java/util/concurrent/ConcurrentHashMap$TreeNode
Event: 16.116 loading class java/util/concurrent/ConcurrentHashMap$TreeNode done
Event: 16.117 loading class java/util/concurrent/ConcurrentHashMap$TreeBin
Event: 16.118 loading class java/util/concurrent/ConcurrentHashMap$TreeBin done
Event: 16.347 loading class sun/net/ConnectionResetException
Event: 16.347 loading class sun/net/ConnectionResetException done
Event: 16.357 loading class java/util/ResourceBundle$Control$1
Event: 16.357 loading class java/util/ResourceBundle$Control$1 done


Dynamic libraries:
0x00007ff72b860000 - 0x00007ff72b86e000 	C:\sts-4.20.0.RELEASE\plugins\org.eclipse.justj.openjdk.hotspot.jre.full.win32.x86_64_17.0.8.v20230831-1047\jre\bin\javaw.exe
0x00007fff0ca10000 - 0x00007fff0cc08000 	C:\Windows\SYSTEM32\ntdll.dll
0x00007fff0b7a0000 - 0x00007fff0b85d000 	C:\Windows\System32\KERNEL32.DLL
0x00007fff0a2c0000 - 0x00007fff0a5b6000 	C:\Windows\System32\KERNELBASE.dll
0x00007fff0a5c0000 - 0x00007fff0a6c0000 	C:\Windows\System32\ucrtbase.dll
0x00007ffefcec0000 - 0x00007ffefced7000 	C:\sts-4.20.0.RELEASE\plugins\org.eclipse.justj.openjdk.hotspot.jre.full.win32.x86_64_17.0.8.v20230831-1047\jre\bin\jli.dll
0x00007fff0c760000 - 0x00007fff0c8fe000 	C:\Windows\System32\USER32.dll
0x00007fff0a240000 - 0x00007fff0a262000 	C:\Windows\System32\win32u.dll
0x00007fff0acb0000 - 0x00007fff0acdc000 	C:\Windows\System32\GDI32.dll
0x00007fff0a6c0000 - 0x00007fff0a7da000 	C:\Windows\System32\gdi32full.dll
0x00007fff0a8c0000 - 0x00007fff0a95d000 	C:\Windows\System32\msvcp_win.dll
0x00007ffee3b80000 - 0x00007ffee3b99000 	C:\sts-4.20.0.RELEASE\plugins\org.eclipse.justj.openjdk.hotspot.jre.full.win32.x86_64_17.0.8.v20230831-1047\jre\bin\VCRUNTIME140.dll
0x00007ffefab10000 - 0x00007ffefadaa000 	C:\Windows\WinSxS\amd64_microsoft.windows.common-controls_6595b64144ccf1df_6.0.19041.3636_none_60b6a03d71f818d5\COMCTL32.dll
0x00007fff0c610000 - 0x00007fff0c6ae000 	C:\Windows\System32\msvcrt.dll
0x00007fff0b0a0000 - 0x00007fff0b0d0000 	C:\Windows\System32\IMM32.DLL
0x00007ffefaaf0000 - 0x00007ffefaafc000 	C:\sts-4.20.0.RELEASE\plugins\org.eclipse.justj.openjdk.hotspot.jre.full.win32.x86_64_17.0.8.v20230831-1047\jre\bin\vcruntime140_1.dll
0x00007ffed1720000 - 0x00007ffed17b1000 	C:\sts-4.20.0.RELEASE\plugins\org.eclipse.justj.openjdk.hotspot.jre.full.win32.x86_64_17.0.8.v20230831-1047\jre\bin\msvcp140.dll
0x00007ffede3f0000 - 0x00007ffedf03c000 	C:\sts-4.20.0.RELEASE\plugins\org.eclipse.justj.openjdk.hotspot.jre.full.win32.x86_64_17.0.8.v20230831-1047\jre\bin\server\jvm.dll
0x00007fff0aac0000 - 0x00007fff0ab73000 	C:\Windows\System32\ADVAPI32.dll
0x00007fff0b8d0000 - 0x00007fff0b96f000 	C:\Windows\System32\sechost.dll
0x00007fff0c3c0000 - 0x00007fff0c4e6000 	C:\Windows\System32\RPCRT4.dll
0x00007fff0a890000 - 0x00007fff0a8b7000 	C:\Windows\System32\bcrypt.dll
0x00007ffef6cc0000 - 0x00007ffef6cc9000 	C:\Windows\SYSTEM32\WSOCK32.dll
0x00007fff09630000 - 0x00007fff0967b000 	C:\Windows\SYSTEM32\POWRPROF.dll
0x00007fff0b860000 - 0x00007fff0b8cb000 	C:\Windows\System32\WS2_32.dll
0x00007ffefa400000 - 0x00007ffefa40a000 	C:\Windows\SYSTEM32\VERSION.dll
0x00007ffef58a0000 - 0x00007ffef58c7000 	C:\Windows\SYSTEM32\WINMM.dll
0x00007fff094f0000 - 0x00007fff09502000 	C:\Windows\SYSTEM32\UMPDC.dll
0x00007fff08920000 - 0x00007fff08932000 	C:\Windows\SYSTEM32\kernel.appcore.dll
0x00007fff033c0000 - 0x00007fff033ca000 	C:\sts-4.20.0.RELEASE\plugins\org.eclipse.justj.openjdk.hotspot.jre.full.win32.x86_64_17.0.8.v20230831-1047\jre\bin\jimage.dll
0x00007fff07ce0000 - 0x00007fff07ec4000 	C:\Windows\SYSTEM32\DBGHELP.DLL
0x00007ffef4710000 - 0x00007ffef4744000 	C:\Windows\SYSTEM32\dbgcore.DLL
0x00007fff0a9d0000 - 0x00007fff0aa52000 	C:\Windows\System32\bcryptPrimitives.dll
0x00007ffef9ea0000 - 0x00007ffef9ec5000 	C:\sts-4.20.0.RELEASE\plugins\org.eclipse.justj.openjdk.hotspot.jre.full.win32.x86_64_17.0.8.v20230831-1047\jre\bin\java.dll
0x00007ffefa120000 - 0x00007ffefa138000 	C:\sts-4.20.0.RELEASE\plugins\org.eclipse.justj.openjdk.hotspot.jre.full.win32.x86_64_17.0.8.v20230831-1047\jre\bin\zip.dll
0x00007fff0bc10000 - 0x00007fff0c355000 	C:\Windows\System32\SHELL32.dll
0x00007fff08170000 - 0x00007fff0890b000 	C:\Windows\SYSTEM32\windows.storage.dll
0x00007fff0ace0000 - 0x00007fff0b034000 	C:\Windows\System32\combase.dll
0x00007fff09b10000 - 0x00007fff09b3d000 	C:\Windows\SYSTEM32\Wldp.dll
0x00007fff0c6b0000 - 0x00007fff0c75d000 	C:\Windows\System32\SHCORE.dll
0x00007fff0aa60000 - 0x00007fff0aab5000 	C:\Windows\System32\shlwapi.dll
0x00007fff0a010000 - 0x00007fff0a035000 	C:\Windows\SYSTEM32\profapi.dll
0x00007ffef9df0000 - 0x00007ffef9e09000 	C:\sts-4.20.0.RELEASE\plugins\org.eclipse.justj.openjdk.hotspot.jre.full.win32.x86_64_17.0.8.v20230831-1047\jre\bin\net.dll
0x00007fff014f0000 - 0x00007fff015fa000 	C:\Windows\SYSTEM32\WINHTTP.dll
0x00007fff09870000 - 0x00007fff098da000 	C:\Windows\system32\mswsock.dll
0x00007ffef59f0000 - 0x00007ffef5a05000 	C:\sts-4.20.0.RELEASE\plugins\org.eclipse.justj.openjdk.hotspot.jre.full.win32.x86_64_17.0.8.v20230831-1047\jre\bin\nio.dll
0x00007fff05090000 - 0x00007fff05099000 	C:\sts-4.20.0.RELEASE\plugins\org.eclipse.justj.openjdk.hotspot.jre.full.win32.x86_64_17.0.8.v20230831-1047\jre\bin\management.dll
0x00007fff02b90000 - 0x00007fff02b9b000 	C:\sts-4.20.0.RELEASE\plugins\org.eclipse.justj.openjdk.hotspot.jre.full.win32.x86_64_17.0.8.v20230831-1047\jre\bin\management_ext.dll
0x00007fff0b770000 - 0x00007fff0b778000 	C:\Windows\System32\PSAPI.DLL
0x00007fff050f0000 - 0x00007fff05107000 	C:\Windows\system32\napinsp.dll
0x00007fff02ca0000 - 0x00007fff02cbb000 	C:\Windows\system32\pnrpnsp.dll
0x00007fff04b20000 - 0x00007fff04b35000 	C:\Windows\system32\wshbth.dll
0x00007fff04f70000 - 0x00007fff04f8d000 	C:\Windows\system32\NLAapi.dll
0x00007fff09510000 - 0x00007fff0954b000 	C:\Windows\SYSTEM32\IPHLPAPI.DLL
0x00007fff09560000 - 0x00007fff0962a000 	C:\Windows\SYSTEM32\DNSAPI.dll
0x00007fff0b5a0000 - 0x00007fff0b5a8000 	C:\Windows\System32\NSI.dll
0x00007fff02c80000 - 0x00007fff02c92000 	C:\Windows\System32\winrnr.dll
0x00007ffefb8b0000 - 0x00007ffefb8ba000 	C:\Windows\System32\rasadhlp.dll
0x00007ffefb8d0000 - 0x00007ffefb950000 	C:\Windows\System32\fwpuclnt.dll
0x00007fff09a60000 - 0x00007fff09a78000 	C:\Windows\SYSTEM32\CRYPTSP.dll
0x00007fff09130000 - 0x00007fff09164000 	C:\Windows\system32\rsaenh.dll
0x00007fff09f90000 - 0x00007fff09fbe000 	C:\Windows\SYSTEM32\USERENV.dll
0x00007fff09a80000 - 0x00007fff09a8c000 	C:\Windows\SYSTEM32\CRYPTBASE.dll
0x00007ffeffe90000 - 0x00007ffeffea7000 	C:\Windows\SYSTEM32\dhcpcsvc6.DLL
0x00007fff00730000 - 0x00007fff0074d000 	C:\Windows\SYSTEM32\dhcpcsvc.DLL
0x00007fff05940000 - 0x00007fff0594e000 	C:\sts-4.20.0.RELEASE\plugins\org.eclipse.justj.openjdk.hotspot.jre.full.win32.x86_64_17.0.8.v20230831-1047\jre\bin\sunmscapi.dll
0x00007fff0a0e0000 - 0x00007fff0a23d000 	C:\Windows\System32\CRYPT32.dll
0x00007fff09b80000 - 0x00007fff09ba8000 	C:\Windows\SYSTEM32\ncrypt.dll
0x00007fff09b40000 - 0x00007fff09b7b000 	C:\Windows\SYSTEM32\NTASN1.dll
0x00007ffeff8b0000 - 0x00007ffeff8c0000 	C:\sts-4.20.0.RELEASE\plugins\org.eclipse.justj.openjdk.hotspot.jre.full.win32.x86_64_17.0.8.v20230831-1047\jre\bin\verify.dll

dbghelp: loaded successfully - version: 4.0.5 - missing functions: none
symbol engine: initialized successfully - sym options: 0x614 - pdb path: .;C:\sts-4.20.0.RELEASE\plugins\org.eclipse.justj.openjdk.hotspot.jre.full.win32.x86_64_17.0.8.v20230831-1047\jre\bin;C:\Windows\SYSTEM32;C:\Windows\WinSxS\amd64_microsoft.windows.common-controls_6595b64144ccf1df_6.0.19041.3636_none_60b6a03d71f818d5;C:\sts-4.20.0.RELEASE\plugins\org.eclipse.justj.openjdk.hotspot.jre.full.win32.x86_64_17.0.8.v20230831-1047\jre\bin\server

VM Arguments:
jvm_args: -Dcom.sun.management.jmxremote -Dcom.sun.management.jmxremote.port=56626 -Dcom.sun.management.jmxremote.authenticate=false -Dcom.sun.management.jmxremote.ssl=false -Djava.rmi.server.hostname=localhost -Dspring.jmx.enabled=true -Dmanagement.endpoints.jmx.exposure.include=* -Dspring.application.admin.enabled=true -XX:TieredStopAtLevel=1 -Dspring.boot.project.name=loja_virtual-main -Dfile.encoding=UTF-8 -Dstdout.encoding=UTF-8 -Dstderr.encoding=UTF-8 -XX:+ShowCodeDetailsInExceptionMessages 
java_command: br.com.zlab.loja_virtual.LojaVirtualApplication --spring.output.ansi.enabled=always
java_class_path (initial): C:\Users\junio\git\loja_virtual\loja_virtual-main\target\classes;C:\sts-4.20.0.RELEASE\plugins\org.junit_4.13.2.v20230809-1000.jar;C:\Users\junio\.m2\repository\org\springframework\boot\spring-boot-starter-data-jpa\3.2.1\spring-boot-starter-data-jpa-3.2.1.jar;C:\Users\junio\.m2\repository\org\springframework\boot\spring-boot-starter-aop\3.2.1\spring-boot-starter-aop-3.2.1.jar;C:\Users\junio\.m2\repository\org\aspectj\aspectjweaver\1.9.21\aspectjweaver-1.9.21.jar;C:\Users\junio\.m2\repository\org\springframework\boot\spring-boot-starter-jdbc\3.2.1\spring-boot-starter-jdbc-3.2.1.jar;C:\Users\junio\.m2\repository\com\zaxxer\HikariCP\5.0.1\HikariCP-5.0.1.jar;C:\Users\junio\.m2\repository\org\springframework\spring-jdbc\6.1.2\spring-jdbc-6.1.2.jar;C:\Users\junio\.m2\repository\org\hibernate\orm\hibernate-core\6.4.1.Final\hibernate-core-6.4.1.Final.jar;C:\Users\junio\.m2\repository\jakarta\persistence\jakarta.persistence-api\3.1.0\jakarta.persistence-api-3.1.0.jar;C:\Users\junio\.m2\repository\org\jboss\logging\jboss-logging\3.5.3.Final\jboss-logging-3.5.3.Final.jar;C:\Users\junio\.m2\repository\org\hibernate\common\hibernate-commons-annotations\6.0.6.Final\hibernate-commons-annotations-6.0.6.Final.jar;C:\Users\junio\.m2\repository\io\smallrye\jandex\3.1.2\jandex-3.1.2.jar;C:\Users\junio\.m2\repository\com\fasterxml\classmate\1.6.0\classmate-1.6.0.jar;C:\Users\junio\.m2\repository\net\bytebuddy\byte-buddy\1.14.10\byte-buddy-1.14.10.jar;C:\Users\junio\.m2\repository\org\glassfish\jaxb\jaxb-runtime\4.0.4\jaxb-runtime-4.0.4.jar;C:\Users\junio\.m2\repository\org\glassfish\jaxb\jaxb-core\4.0.4\jaxb-core-4.0.4.jar;C:\Users\junio\.m2\repository\org\eclipse\angus\angus-activation\2.0.1\angus-activation-2.0.1.jar;C:\Users\junio\.m2\repository\org\glassfish\jaxb\txw2\4.0.4\txw2-4.0.4.jar;C:\Users\junio\.m2\repository\com\sun\istack\istack-commons-runtime\4.1.2\istack-commons-runtime-4.1.2.jar;C:\Users\junio\.m2\repository\jakarta\inject\jakarta.inject-a
Launcher Type: SUN_STANDARD

[Global flags]
     intx CICompilerCount                          = 3                                         {product} {ergonomic}
     uint ConcGCThreads                            = 1                                         {product} {ergonomic}
     uint G1ConcRefinementThreads                  = 4                                         {product} {ergonomic}
   size_t G1HeapRegionSize                         = 1048576                                   {product} {ergonomic}
    uintx GCDrainStackTargetSize                   = 64                                        {product} {ergonomic}
   size_t InitialHeapSize                          = 132120576                                 {product} {ergonomic}
     bool ManagementServer                         = true                                      {product} {command line}
   size_t MarkStackSize                            = 4194304                                   {product} {ergonomic}
   size_t MaxHeapSize                              = 2095054848                                {product} {ergonomic}
   size_t MaxNewSize                               = 1256194048                                {product} {ergonomic}
   size_t MinHeapDeltaBytes                        = 1048576                                   {product} {ergonomic}
   size_t MinHeapSize                              = 8388608                                   {product} {ergonomic}
    uintx NonProfiledCodeHeapSize                  = 0                                      {pd product} {ergonomic}
     bool ProfileInterpreter                       = false                                  {pd product} {command line}
    uintx ProfiledCodeHeapSize                     = 0                                      {pd product} {ergonomic}
     bool ShowCodeDetailsInExceptionMessages       = true                                   {manageable} {command line}
   size_t SoftMaxHeapSize                          = 2095054848                             {manageable} {ergonomic}
     intx TieredStopAtLevel                        = 1                                         {product} {command line}
     bool UseCompressedClassPointers               = true                           {product lp64_product} {ergonomic}
     bool UseCompressedOops                        = true                           {product lp64_product} {ergonomic}
     bool UseG1GC                                  = true                                      {product} {ergonomic}
     bool UseLargePagesIndividualAllocation        = false                                  {pd product} {ergonomic}

Logging:
Log output configuration:
 #0: stdout all=warning uptime,level,tags
 #1: stderr all=off uptime,level,tags

Environment Variables:
JAVA_HOME=C:\Program Files\Java\jdk-11
PATH=C:/sts-4.20.0.RELEASE//plugins/org.eclipse.justj.openjdk.hotspot.jre.full.win32.x86_64_17.0.8.v20230831-1047/jre/bin/server;C:/sts-4.20.0.RELEASE//plugins/org.eclipse.justj.openjdk.hotspot.jre.full.win32.x86_64_17.0.8.v20230831-1047/jre/bin;C:\Windows\system32;C:\Windows;C:\Windows\System32\Wbem;C:\Windows\System32\WindowsPowerShell\v1.0\;C:\Windows\System32\OpenSSH\;C:\Program Files\Git\cmd;C:\Program Files\Java\jdk-11\bin;C:\Users\junio\anaconda3;C:\Users\junio\anaconda3\Library\mingw-w64\bin;C:\Users\junio\anaconda3\Library\usr\bin;C:\Users\junio\anaconda3\Library\bin;C:\Users\junio\anaconda3\Scripts;C:\Users\junio\AppData\Local\Microsoft\WindowsApps;C:\Users\junio\AppData\Local\Programs\Microsoft VS Code\bin;C:\Program Files\Java\jdk-11\bin;;C:\sts-4.20.0.RELEASE;
USERNAME=junio
OS=Windows_NT
PROCESSOR_IDENTIFIER=Intel64 Family 6 Model 37 Stepping 5, GenuineIntel
TMP=C:\Users\junio\AppData\Local\Temp
TEMP=C:\Users\junio\AppData\Local\Temp



---------------  S Y S T E M  ---------------

OS:
 Windows 10 , 64 bit Build 19041 (10.0.19041.3636)
OS uptime: 4 days 13:39 hours

CPU: total 4 (initial active 4) (2 cores per cpu, 2 threads per core) family 6 model 37 stepping 5 microcode 0x7, cx8, cmov, fxsr, ht, mmx, sse, sse2, sse3, ssse3, sse4.1, sse4.2, popcnt, tsc, tscinvbit, clflush
Processor Information for all 4 processors :
  Max Mhz: 2667, Current Mhz: 2667, Mhz Limit: 2667

Memory: 4k page, system-wide physical 7990M (1194M free)
TotalPageFile size 11105M (AvailPageFile size 258M)
current process WorkingSet (physical memory assigned to process): 230M, peak: 230M
current process commit charge ("private bytes"): 260M, peak: 260M

vm_info: OpenJDK 64-Bit Server VM (17.0.8.1+1) for windows-amd64 JRE (17.0.8.1+1), built on Aug 23 2023 15:29:17 by "admin" with MS VC++ 16.7 (VS2019)

END.
